<?xml version="1.0" encoding="UTF-8"?>
<testsuite name="example.InvokeTest" tests="1" skipped="0" failures="0" errors="0" timestamp="2021-04-16T03:38:46" hostname="CPX-8AWSBM1TQHV" time="0.046">
  <properties/>
  <testcase name="invokeTest()" classname="example.InvokeTest" time="0.046"/>
  <system-out><![CDATA[2021-04-16 00:38:47 [Test worker] INFO  example.InvokeTest:18 - Invoke TEST
]]></system-out>
  <system-err><![CDATA[]]></system-err>
</testsuite>
