<?xml version="1.0" encoding="UTF-8"?>
<testsuite name="example.InvokeTest" tests="1" skipped="0" failures="0" errors="0" timestamp="2021-04-15T03:56:41" hostname="CPX-8AWSBM1TQHV" time="0.063">
  <properties/>
  <testcase name="invokeTest()" classname="example.InvokeTest" time="0.063"/>
  <system-out><![CDATA[2021-04-15 00:56:41 [Test worker] INFO  example.InvokeTest:18 - Invoke TEST
]]></system-out>
  <system-err><![CDATA[]]></system-err>
</testsuite>
